<?xml version="1.0" encoding="UTF-8" ?>
<testsuites>
  <testsuite errors="0" failures="0" hostname="INCHCMPC05305" id="0" name="SimpleNewTest" package="com.ant.web" skipped="0" tests="3" time="0.018" timestamp="2017-11-09T11:47:04">
      <properties>
[...]
</properties>

      <testcase classname="com.ant.web.SimpleNewTest" name="testSum" time="0.005" />

      <testcase classname="com.ant.web.SimpleNewTest" name="testF" time="0.001" />

      <testcase classname="com.ant.web.SimpleNewTest" name="testSquare" time="0.0" />

      <system-out><![CDATA[count-------------16
[DEBUG] value: 3
[DEBUG] value: 5
[DEBUG] value: 8
[DEBUG] result: 16
[DEBUG] x: -1
[DEBUG] negative x
[DEBUG] x: -1
[DEBUG] result: 1
[DEBUG] x: 6
[DEBUG] x: 1
[DEBUG] result: 1
[DEBUG] x: -1
[DEBUG] result: 1
]]></system-out>

      <system-err><![CDATA[]]></system-err>

  </testsuite>
  <testsuite errors="0" failures="0" hostname="INCHCMPC05305" id="1" name="SimpleTest" package="com.ant.web" skipped="0" tests="3" time="0.019" timestamp="2017-11-09T11:47:06">
      <properties>
[...]
</properties>

      <testcase classname="com.ant.web.SimpleTest" name="testSum" time="0.005" />

      <testcase classname="com.ant.web.SimpleTest" name="testF" time="0.002" />

      <testcase classname="com.ant.web.SimpleTest" name="testSquare" time="0.001" />

      <system-out><![CDATA[[DEBUG] value: 3
[DEBUG] value: 5
[DEBUG] value: 8
[DEBUG] result: 16
[DEBUG] x: -1
[DEBUG] negative x
[DEBUG] x: -1
[DEBUG] result: 1
[DEBUG] x: 6
[DEBUG] x: 1
[DEBUG] result: 1
[DEBUG] x: -1
[DEBUG] result: 1
]]></system-out>

      <system-err><![CDATA[]]></system-err>

  </testsuite>
</testsuites>
