<?xml version="1.0" encoding="UTF-8" ?>
<testsuites>
  <testsuite errors="0" failures="0" hostname="INCHCMPC07245" id="0" name="SimpleTest" package="com.ant.web" skipped="0" tests="3" time="0.016" timestamp="2017-03-23T06:38:45">
      <properties>
[...]
</properties>

      <testcase classname="com.ant.web.SimpleTest" name="testSum" time="0.0" />

      <testcase classname="com.ant.web.SimpleTest" name="testF" time="0.0" />

      <testcase classname="com.ant.web.SimpleTest" name="testSquare" time="0.0" />

      <system-out><![CDATA[12:08:44,873 |-INFO in ch.qos.logback.classic.LoggerContext[default] - Could NOT find resource [logback.groovy]
12:08:44,873 |-INFO in ch.qos.logback.classic.LoggerContext[default] - Could NOT find resource [logback-test.xml]
12:08:44,873 |-INFO in ch.qos.logback.classic.LoggerContext[default] - Found resource [logback.xml] at [jar:file:/D:/Jenkins/FolderStructure/workspace/AntProject_Junit/WebContent/WEB-INF/lib/cobertura-2.1.1.jar!/logback.xml]
12:08:44,873 |-WARN in ch.qos.logback.classic.LoggerContext[default] - Resource [logback.xml] occurs multiple times on the classpath.
12:08:44,873 |-WARN in ch.qos.logback.classic.LoggerContext[default] - Resource [logback.xml] occurs at [jar:file:/D:/Jenkins/FolderStructure/workspace/AntProject_Junit/WebContent/WEB-INF/lib/cobertura-2.1.1.jar!/logback.xml]
12:08:44,873 |-WARN in ch.qos.logback.classic.LoggerContext[default] - Resource [logback.xml] occurs at [jar:file:/D:/Jenkins/security/cloned_repo/AntProject/WebContent/WEB-INF/lib/cobertura-2.1.1.jar!/logback.xml]
12:08:44,889 |-INFO in ch.qos.logback.core.joran.spi.ConfigurationWatchList@4e9ff7c0 - URL [jar:file:/D:/Jenkins/FolderStructure/workspace/AntProject_Junit/WebContent/WEB-INF/lib/cobertura-2.1.1.jar!/logback.xml] is not of type file
12:08:44,936 |-INFO in ch.qos.logback.classic.joran.action.ConfigurationAction - debug attribute not set
12:08:44,951 |-INFO in ch.qos.logback.core.joran.action.AppenderAction - About to instantiate appender of type [ch.qos.logback.core.ConsoleAppender]
12:08:44,967 |-INFO in ch.qos.logback.core.joran.action.AppenderAction - Naming appender as [STDOUT]
12:08:44,983 |-INFO in ch.qos.logback.core.joran.action.NestedComplexPropertyIA - Assuming default type [ch.qos.logback.classic.encoder.PatternLayoutEncoder] for [encoder] property
12:08:45,014 |-INFO in ch.qos.logback.classic.joran.action.LoggerAction - Setting level of logger [net.sourceforge.cobertura] to INFO
12:08:45,014 |-INFO in ch.qos.logback.classic.joran.action.RootLoggerAction - Setting level of ROOT logger to DEBUG
12:08:45,014 |-INFO in ch.qos.logback.core.joran.action.AppenderRefAction - Attaching appender named [STDOUT] to Logger[ROOT]
12:08:45,014 |-INFO in ch.qos.logback.classic.joran.action.ConfigurationAction - End of configuration.
12:08:45,014 |-INFO in ch.qos.logback.classic.joran.JoranConfigurator@68428693 - Registering current configuration as safe fallback point

[DEBUG] value: 3
[DEBUG] value: 5
[DEBUG] value: 8
[DEBUG] result: 16
[DEBUG] x: -1
[DEBUG] negative x
[DEBUG] x: -1
[DEBUG] result: 1
[DEBUG] x: 6
[DEBUG] x: 1
[DEBUG] result: 1
[DEBUG] x: -1
[DEBUG] result: 1
]]></system-out>

      <system-err><![CDATA[]]></system-err>

  </testsuite>
</testsuites>
